SF:lib/features/home/data/models/user_model.dart
DA:4,1
DA:11,1
DA:12,1
DA:13,1
DA:14,1
DA:15,1
DA:16,1
DA:20,1
DA:21,1
DA:22,1
DA:23,1
DA:24,1
DA:25,1
DA:29,1
DA:35,1
DA:36,0
DA:37,1
DA:38,1
DA:39,0
LF:19
LH:17
end_of_record
SF:lib/features/home/domain/entities/user_entity.dart
DA:7,2
LF:1
LH:1
end_of_record
SF:lib/features/home/data/models/balance_model.dart
DA:4,1
DA:9,1
DA:10,1
DA:11,1
DA:12,1
DA:16,1
DA:17,1
DA:18,2
DA:19,1
DA:23,1
DA:27,1
DA:28,0
DA:29,0
LF:13
LH:11
end_of_record
SF:lib/features/home/domain/entities/balance_entity.dart
DA:5,2
LF:1
LH:1
end_of_record
SF:lib/features/home/data/models/recipient_model.dart
DA:4,1
DA:10,0
DA:11,0
DA:12,0
DA:13,0
DA:14,0
DA:18,0
DA:19,0
DA:20,0
DA:21,0
DA:22,0
DA:26,0
DA:31,0
DA:32,0
DA:33,0
DA:34,0
LF:16
LH:1
end_of_record
SF:lib/features/home/data/models/saving_model.dart
DA:4,1
DA:12,0
DA:13,0
DA:14,0
DA:15,0
DA:16,0
DA:17,0
DA:18,0
DA:22,0
DA:23,0
DA:24,0
DA:25,0
DA:26,0
DA:27,0
DA:28,0
DA:32,0
DA:39,0
DA:40,0
DA:41,0
DA:42,0
DA:43,0
DA:44,0
LF:22
LH:1
end_of_record
SF:lib/features/home/presentation/bloc/home_event.dart
DA:4,1
DA:6,0
DA:7,0
DA:11,1
DA:13,0
DA:14,0
DA:18,1
DA:20,0
DA:21,0
LF:9
LH:3
end_of_record
SF:lib/features/home/presentation/bloc/home_state.dart
DA:4,1
DA:6,0
DA:7,0
DA:11,0
DA:12,0
DA:16,1
DA:18,1
DA:19,1
DA:28,1
DA:35,0
DA:41,0
DA:42,0
DA:43,0
DA:44,0
DA:45,0
DA:49,1
DA:50,5
DA:54,1
DA:56,1
DA:57,1
DA:61,1
DA:65,1
DA:66,2
LF:23
LH:13
end_of_record
SF:lib/features/home/presentation/bloc/home_bloc.dart
DA:15,3
DA:16,2
DA:17,2
DA:22,1
DA:26,1
DA:28,2
DA:30,1
DA:31,1
DA:32,1
DA:33,1
DA:34,1
DA:35,1
DA:37,2
DA:38,2
DA:45,1
DA:48,3
DA:52,1
DA:57,2
DA:59,1
DA:60,1
DA:61,1
DA:62,1
DA:63,1
DA:64,1
DA:66,2
DA:67,2
DA:74,1
DA:77,1
DA:78,2
DA:82,3
LF:30
LH:30
end_of_record
SF:lib/features/home/domain/entities/recipient_entity.dart
DA:6,1
LF:1
LH:1
end_of_record
SF:lib/features/home/domain/entities/saving_entity.dart
DA:8,1
LF:1
LH:1
end_of_record
SF:lib/features/exchange/data/models/exchange_rate_model.dart
DA:6,2
DA:15,1
DA:16,1
DA:17,2
DA:18,2
DA:19,2
DA:20,2
DA:21,1
DA:22,1
DA:26,1
DA:27,1
DA:28,3
DA:29,3
DA:30,3
DA:31,3
DA:32,1
DA:33,1
DA:37,1
DA:46,1
DA:48,1
DA:52,2
DA:55,2
DA:56,2
DA:57,4
DA:58,3
DA:59,3
DA:60,3
DA:61,3
DA:62,3
DA:68,1
DA:70,1
DA:73,1
DA:74,2
DA:75,3
DA:79,2
DA:80,2
DA:81,3
DA:85,1
DA:88,2
DA:89,2
DA:90,3
DA:94,1
DA:95,2
DA:96,3
DA:101,2
DA:103,3
DA:104,2
DA:105,3
DA:106,3
DA:107,2
DA:109,1
DA:119,1
DA:127,1
DA:128,1
DA:129,0
DA:130,0
DA:131,1
DA:132,1
DA:133,1
LF:59
LH:57
end_of_record
SF:lib/features/exchange/domain/entities/exchange_rate_entity.dart
DA:11,3
LF:1
LH:1
end_of_record
SF:lib/features/exchange/data/models/currency_model.dart
DA:4,1
DA:12,1
DA:13,1
DA:14,1
DA:15,1
DA:16,1
DA:17,4
DA:18,1
DA:22,1
DA:23,1
DA:24,1
DA:25,1
DA:26,1
DA:27,2
DA:28,1
DA:32,1
DA:39,1
DA:40,1
DA:41,1
DA:42,1
DA:43,1
DA:44,1
LF:22
LH:22
end_of_record
SF:lib/features/exchange/domain/entities/currency_entity.dart
DA:13,2
LF:1
LH:1
end_of_record
SF:lib/main.dart
DA:7,0
DA:8,0
DA:12,1
DA:14,1
DA:16,1
DA:18,1
DA:19,1
DA:21,1
DA:22,2
DA:23,0
DA:24,0
LF:11
LH:7
end_of_record
SF:lib/features/exchange/presentation/bloc/exchange_event.dart
DA:4,2
DA:6,0
DA:7,0
DA:12,1
DA:19,1
DA:21,0
DA:22,0
DA:29,1
DA:31,0
DA:32,0
DA:39,1
DA:41,0
DA:42,0
DA:49,0
DA:51,0
DA:52,0
DA:60,0
DA:65,0
DA:66,0
DA:71,0
DA:76,1
LF:21
LH:6
end_of_record
SF:lib/features/exchange/presentation/bloc/exchange_state.dart
DA:4,2
DA:6,1
DA:7,1
DA:25,1
DA:35,1
DA:36,1
DA:37,1
DA:39,1
DA:50,1
DA:51,1
DA:52,1
DA:53,1
DA:54,1
DA:55,1
DA:56,1
DA:57,1
DA:58,1
DA:59,1
DA:63,1
DA:64,1
DA:65,1
DA:66,1
DA:67,1
DA:68,1
DA:69,1
DA:70,1
DA:71,1
DA:72,1
DA:73,1
DA:80,2
DA:82,1
DA:83,2
DA:89,1
DA:91,1
DA:92,2
LF:35
LH:35
end_of_record
SF:lib/features/exchange/presentation/bloc/exchange_bloc.dart
DA:14,1
DA:15,3
DA:16,1
DA:24,1
DA:26,2
DA:27,2
DA:28,2
DA:29,2
DA:30,2
DA:31,2
DA:32,1
DA:33,1
DA:34,1
DA:36,2
DA:37,2
DA:40,1
DA:44,2
DA:46,2
DA:48,1
DA:49,1
DA:51,1
DA:52,3
DA:53,0
DA:55,1
DA:56,3
DA:57,0
DA:60,2
DA:64,1
DA:67,1
DA:68,2
DA:73,1
DA:77,2
DA:78,1
DA:79,3
DA:82,3
DA:83,0
DA:84,0
DA:91,1
DA:95,2
DA:96,1
DA:97,3
DA:100,3
DA:101,0
DA:102,0
DA:109,1
DA:113,2
DA:114,1
DA:115,3
DA:117,3
DA:118,0
DA:120,2
DA:121,1
DA:122,1
DA:123,1
DA:129,0
DA:133,0
DA:134,0
DA:135,0
DA:137,0
DA:138,0
DA:140,0
DA:141,0
DA:142,0
DA:143,0
DA:149,0
DA:153,0
DA:155,0
DA:157,0
DA:161,0
DA:164,0
DA:165,0
DA:171,0
DA:172,0
DA:174,0
DA:175,0
DA:177,0
DA:178,0
DA:180,0
DA:181,0
DA:185,0
DA:186,0
DA:191,0
DA:193,0
DA:197,0
DA:201,0
DA:202,0
DA:203,0
DA:204,0
DA:205,0
DA:206,0
DA:207,0
DA:211,0
DA:212,0
DA:213,0
DA:215,0
DA:220,0
DA:224,0
DA:225,0
DA:227,0
DA:228,0
DA:229,0
DA:230,0
DA:231,0
DA:235,0
DA:236,0
DA:237,0
DA:244,1
DA:248,2
DA:249,1
DA:251,6
DA:252,1
DA:253,1
DA:257,2
DA:259,1
DA:261,2
DA:263,1
DA:265,1
DA:266,1
LF:118
LH:59
end_of_record
SF:lib/core/config/splash_screen.dart
DA:9,1
DA:10,1
DA:11,0
DA:15,1
DA:17,1
DA:18,1
DA:19,1
DA:21,0
DA:22,0
DA:24,0
DA:26,0
DA:27,0
DA:28,0
DA:38,1
DA:40,1
DA:41,1
DA:42,1
DA:43,1
DA:45,1
DA:59,1
DA:60,1
LF:21
LH:14
end_of_record
SF:lib/features/exchange/presentation/page/exchange_screen.dart
DA:13,1
DA:15,0
DA:17,0
DA:18,0
DA:19,0
DA:20,0
DA:27,1
DA:29,0
DA:31,0
DA:32,0
DA:33,0
DA:34,0
DA:35,0
DA:43,0
DA:44,0
DA:45,0
DA:61,1
DA:63,0
DA:64,0
DA:75,0
DA:77,0
DA:78,0
DA:79,0
DA:80,0
DA:81,0
DA:84,0
DA:87,0
DA:88,0
DA:89,0
DA:90,0
DA:91,0
DA:92,0
DA:93,0
DA:100,0
DA:101,0
DA:102,0
DA:103,0
DA:104,0
DA:108,0
DA:110,0
DA:111,0
DA:113,0
DA:115,0
DA:117,0
DA:127,0
DA:128,0
DA:129,0
DA:140,0
DA:142,0
DA:155,0
DA:157,0
DA:159,0
DA:161,0
DA:162,0
DA:164,0
DA:165,0
DA:166,0
DA:170,0
DA:171,0
DA:172,0
DA:174,0
DA:175,0
DA:180,0
DA:181,0
DA:182,0
DA:186,0
DA:187,0
DA:188,0
DA:189,0
DA:209,0
DA:211,0
DA:213,0
DA:215,0
DA:216,0
DA:218,0
DA:219,0
DA:220,0
DA:221,0
DA:227,0
DA:229,0
DA:230,0
DA:234,0
DA:236,0
DA:237,0
DA:238,0
DA:239,0
DA:265,0
DA:266,0
LF:88
LH:3
end_of_record
SF:lib/features/home/presentation/page/home_screen.dart
DA:12,1
DA:14,0
DA:16,0
DA:17,0
DA:18,0
DA:19,0
DA:25,0
DA:27,0
DA:29,0
DA:30,0
DA:35,0
DA:41,0
DA:43,0
DA:45,0
DA:46,0
DA:47,0
DA:48,0
DA:49,0
DA:50,0
DA:51,0
DA:52,0
DA:60,0
DA:61,0
DA:62,0
DA:64,0
DA:71,0
DA:73,0
DA:74,0
DA:80,0
DA:81,0
DA:82,0
DA:91,0
DA:100,0
DA:102,0
DA:103,0
DA:105,0
DA:107,0
DA:109,0
DA:110,0
DA:111,0
DA:112,0
DA:116,0
DA:118,0
DA:120,0
DA:121,0
DA:123,0
DA:125,0
DA:126,0
DA:133,0
DA:135,0
DA:136,0
DA:148,0
DA:150,0
DA:152,0
DA:153,0
DA:154,0
DA:156,0
DA:159,0
DA:162,0
DA:163,0
DA:170,0
DA:172,0
DA:174,0
DA:175,0
DA:176,0
DA:184,0
DA:186,0
DA:209,0
DA:210,0
LF:69
LH:1
end_of_record
SF:lib/core/widgets/animated_fade_in_widget.dart
DA:8,1
DA:15,0
DA:16,0
DA:24,0
DA:26,0
DA:27,0
DA:29,0
DA:32,0
DA:33,0
DA:34,0
DA:38,0
DA:41,0
DA:43,0
DA:44,0
DA:47,0
DA:49,0
DA:50,0
DA:51,0
LF:18
LH:1
end_of_record
SF:lib/features/exchange/data/datasources/api/exchange_api_datasource.dart
DA:7,0
DA:11,0
DA:23,0
DA:31,0
DA:33,0
DA:37,0
DA:42,0
DA:43,0
DA:45,0
DA:46,0
DA:49,0
DA:52,0
DA:53,0
DA:55,0
LF:14
LH:0
end_of_record
SF:lib/features/exchange/data/repositories_impl/exchange_repository_impl.dart
DA:13,0
DA:15,0
DA:17,0
DA:27,0
DA:28,0
DA:30,0
DA:34,0
DA:39,0
DA:42,0
DA:49,0
DA:51,0
DA:58,0
DA:59,0
DA:60,0
DA:63,0
DA:64,0
DA:66,0
DA:75,0
DA:76,0
DA:78,0
DA:86,0
DA:90,0
DA:128,0
DA:130,0
LF:24
LH:0
end_of_record
SF:lib/features/exchange/presentation/utils/amount_formatter.dart
DA:11,0
DA:12,0
DA:15,0
DA:18,0
DA:19,0
DA:21,0
DA:30,0
DA:31,0
DA:33,0
DA:35,0
DA:40,0
DA:41,0
DA:43,0
DA:53,0
DA:54,0
LF:15
LH:0
end_of_record
SF:lib/features/home/presentation/page/widgets/balance_card_widget.dart
DA:9,0
DA:16,0
DA:18,0
DA:19,0
DA:28,0
DA:29,0
DA:30,0
DA:31,0
DA:38,0
DA:40,0
DA:41,0
DA:43,0
DA:44,0
DA:46,0
DA:47,0
DA:53,0
DA:55,0
DA:56,0
DA:57,0
DA:65,0
DA:66,0
DA:67,0
DA:68,0
DA:77,0
DA:78,0
DA:90,0
DA:91,0
DA:94,0
DA:96,0
LF:29
LH:0
end_of_record
SF:lib/features/exchange/presentation/page/widgets/currency_card_widget.dart
DA:7,0
DA:8,0
DA:10,0
DA:13,0
DA:15,0
DA:20,0
DA:25,0
DA:30,0
DA:31,0
DA:32,0
DA:49,0
DA:59,0
DA:61,0
DA:63,0
DA:64,0
DA:65,0
DA:66,0
DA:67,0
DA:71,0
DA:72,0
DA:73,0
DA:80,0
DA:81,0
DA:87,0
DA:88,0
DA:96,0
DA:97,0
DA:98,0
DA:99,0
DA:100,0
DA:102,0
DA:103,0
DA:111,0
DA:116,0
DA:117,0
DA:128,0
LF:36
LH:0
end_of_record
SF:lib/features/exchange/presentation/page/widgets/exchange_button_widget.dart
DA:7,0
DA:13,0
DA:15,0
DA:18,0
DA:19,0
DA:20,0
DA:21,0
DA:22,0
DA:25,0
DA:26,0
DA:31,0
DA:34,0
LF:12
LH:0
end_of_record
SF:lib/features/exchange/presentation/page/widgets/exchange_header_widget.dart
DA:4,1
DA:6,0
DA:8,0
DA:10,0
DA:12,0
DA:23,0
DA:25,0
DA:26,0
DA:27,0
DA:29,0
DA:32,0
DA:34,0
LF:12
LH:1
end_of_record
SF:lib/features/exchange/presentation/page/widgets/platform_fee_widget.dart
DA:6,0
DA:11,0
DA:13,0
DA:15,0
DA:24,0
DA:25,0
DA:26,0
DA:27,0
LF:8
LH:0
end_of_record
SF:lib/features/home/data/mocked_data.dart
DA:3,0
DA:4,0
DA:10,0
DA:14,0
DA:15,0
DA:20,0
DA:25,0
DA:30,0
DA:35,0
DA:41,0
DA:42,0
DA:49,0
DA:56,0
DA:63,0
LF:14
LH:0
end_of_record
SF:lib/features/home/data/repositories/home_repository_impl.dart
DA:11,0
DA:14,0
DA:16,0
DA:17,0
DA:19,0
DA:20,0
DA:22,0
DA:26,0
DA:29,0
DA:31,0
DA:32,0
DA:34,0
DA:35,0
DA:37,0
DA:41,0
DA:44,0
DA:46,0
DA:47,0
DA:50,0
DA:51,0
DA:53,0
DA:55,0
DA:59,0
DA:62,0
DA:64,0
DA:65,0
DA:68,0
DA:69,0
DA:71,0
DA:73,0
DA:77,0
DA:80,0
DA:82,0
DA:85,0
DA:86,0
DA:87,0
DA:88,0
DA:90,0
DA:91,0
DA:93,0
DA:94,0
DA:96,0
DA:97,0
DA:99,0
DA:106,0
DA:111,0
DA:112,0
LF:47
LH:0
end_of_record
SF:lib/features/home/presentation/page/widgets/header_widget.dart
DA:8,0
DA:15,0
DA:17,0
DA:19,0
DA:21,0
DA:22,0
DA:23,0
DA:24,0
DA:27,0
DA:29,0
DA:30,0
DA:33,0
DA:34,0
DA:40,0
DA:41,0
DA:50,0
DA:53,0
DA:57,0
DA:58,0
DA:59,0
DA:60,0
DA:66,0
DA:67,0
DA:70,0
DA:73,0
DA:76,0
LF:26
LH:0
end_of_record
SF:lib/features/home/presentation/page/widgets/recent_recipients_widget.dart
DA:7,0
DA:12,0
DA:14,0
DA:16,0
DA:29,0
DA:31,0
DA:34,0
DA:35,0
DA:36,0
DA:37,0
DA:39,0
DA:40,0
DA:41,0
DA:44,0
DA:59,0
DA:60,0
DA:62,0
DA:63,0
DA:64,0
DA:67,0
DA:69,0
DA:70,0
DA:73,0
DA:74,0
LF:24
LH:0
end_of_record
